c:\users\2316026\desktop\projecthakoiri\gamehakoiri\gamehakoiri\x64\debug\application.obj
c:\users\2316026\desktop\projecthakoiri\gamehakoiri\gamehakoiri\x64\debug\endingscene.obj
c:\users\2316026\desktop\projecthakoiri\gamehakoiri\gamehakoiri\x64\debug\gamescene.obj
c:\users\2316026\desktop\projecthakoiri\gamehakoiri\gamehakoiri\x64\debug\main.obj
c:\users\2316026\desktop\projecthakoiri\gamehakoiri\gamehakoiri\x64\debug\none.obj
c:\users\2316026\desktop\projecthakoiri\gamehakoiri\gamehakoiri\x64\debug\player.obj
c:\users\2316026\desktop\projecthakoiri\gamehakoiri\gamehakoiri\x64\debug\resultscene.obj
c:\users\2316026\desktop\projecthakoiri\gamehakoiri\gamehakoiri\x64\debug\roombase.obj
c:\users\2316026\desktop\projecthakoiri\gamehakoiri\gamehakoiri\x64\debug\scenebase.obj
c:\users\2316026\desktop\projecthakoiri\gamehakoiri\gamehakoiri\x64\debug\scenemanager.obj
c:\users\2316026\desktop\projecthakoiri\gamehakoiri\gamehakoiri\x64\debug\selectscene.obj
c:\users\2316026\desktop\projecthakoiri\gamehakoiri\gamehakoiri\x64\debug\stagebase.obj
c:\users\2316026\desktop\projecthakoiri\gamehakoiri\gamehakoiri\x64\debug\stagemanager.obj
c:\users\2316026\desktop\projecthakoiri\gamehakoiri\gamehakoiri\x64\debug\titlescene.obj
c:\users\2316026\desktop\projecthakoiri\gamehakoiri\gamehakoiri\x64\debug\tutorialstage.obj
c:\users\2316026\desktop\projecthakoiri\gamehakoiri\gamehakoiri\x64\debug\vector2.obj
c:\users\2316026\desktop\projecthakoiri\gamehakoiri\gamehakoiri\x64\debug\vector2f.obj
c:\users\2316026\desktop\projecthakoiri\gamehakoiri\gamehakoiri\x64\debug\wasitu.obj
c:\users\2316026\desktop\projecthakoiri\gamehakoiri\gamehakoiri\x64\debug\vc143.idb
c:\users\2316026\desktop\projecthakoiri\gamehakoiri\gamehakoiri\x64\debug\vc143.pdb
c:\users\2316026\desktop\projecthakoiri\gamehakoiri\gamehakoiri\x64\debug\gamehakoiri.tlog\cl.command.1.tlog
