  Goal.cpp
  Bath.cpp
  Entrance.cpp
  Kitchen.cpp
  Living.cpp
  Own.cpp
  Fader.cpp
  InputManager.cpp
  Resource.cpp
  ResourceManager.cpp
  None.cpp
  Vector2.cpp
  Vector2F.cpp
C:\Program Files (x86)\Windows Kits\10\Include\10.0.19041.0\ucrt\tgmath.h(27): warning UCRT4000: The Universal CRT implementation of tgmath.h does not conform to the C99 standard. Functionality equivalent to the type-generic functions provided by tgmath.h is available in <ctgmath> when compiling as C++. If compiling in C++17 mode or higher (/std:c++17), this header will automatically include <ctgmath> instead. You can define _CRT_SILENCE_NONCONFORMING_TGMATH_H to acknowledge that you have received this warning.
  StageManager.cpp
  Player.cpp
  Application.cpp
  main.cpp
  SceneManager.cpp
  EndingScene.cpp
  GameScene.cpp
  コードを生成中...
  コンパイル中...
  ResultScene.cpp
  SceneBase.cpp
  SelectScene.cpp
  TitleScene.cpp
  RoomBase.cpp
  Wasitu.cpp
  StageBase.cpp
C:\Users\2316026\Desktop\ProjectHakoiri\GameHakoiri\GameHakoiri\Src\Stage\StageBase.cpp(237,53): warning C4244: '引数': 'float' から 'int' への変換です。データが失われる可能性があります。
C:\Users\2316026\Desktop\ProjectHakoiri\GameHakoiri\GameHakoiri\Src\Stage\StageBase.cpp(237,31): warning C4244: '引数': 'float' から 'int' への変換です。データが失われる可能性があります。
  TutorialStage.cpp
  Pazzle.cpp
  Stealth.cpp
  Utility.cpp
  Wall.cpp
  Storage.cpp
  コードを生成中...
C:\Users\2316026\Desktop\ProjectHakoiri\GameHakoiri\GameHakoiri\Src\Stage\StageBase.cpp : fatal error C1090: PDB API の呼び出しに失敗しました。エラー コード '3': C:\Users\2316026\Desktop\ProjectHakoiri\GameHakoiri\GameHakoiri\x64\Debug\vc143.pdb
